#
# A fatal error has been detected by the Java Runtime Environment:
#
#  Internal Error (javaClasses.cpp:129), pid=26464, tid=25848
#  fatal error: Invalid layout of preloaded class
#
# JRE version: 7.0_17-b02
# Java VM: Java HotSpot(TM) 64-Bit Server VM (23.7-b01 mixed mode windows-amd64 compressed oops)
# Failed to write core dump. Minidumps are not enabled by default on client versions of Windows
#
# If you would like to submit a bug report, please visit:
#   http://bugreport.sun.com/bugreport/crash.jsp
#

---------------  T H R E A D  ---------------

Current thread (0x000000000221c800):  JavaThread "Unknown thread" [_thread_in_vm, id=25848, stack(0x0000000002820000,0x0000000002920000)]

Stack: [0x0000000002820000,0x0000000002920000]

---------------  P R O C E S S  ---------------

Java Threads: ( => current thread )

Other Threads:

=>0x000000000221c800 (exited) JavaThread "Unknown thread" [_thread_in_vm, id=25848, stack(0x0000000002820000,0x0000000002920000)]

VM state:not at safepoint (not fully initialized)

VM Mutex/Monitor currently owned by a thread: None

GC Heap History (0 events):
No events

Deoptimization events (0 events):
No events

Internal exceptions (0 events):
No events

Events (10 events):
Event: 0.938 loading class 0x000000000217fbd0 done
Event: 0.938 loading class 0x0000000002142010 done
Event: 0.938 loading class 0x0000000002141fe0
Event: 0.938 loading class 0x0000000002188a30
Event: 0.939 loading class 0x0000000002188a30 done
Event: 0.939 loading class 0x0000000002188a70
Event: 0.939 loading class 0x0000000002188a70 done
Event: 0.939 loading class 0x0000000008eaf180
Event: 0.939 loading class 0x0000000008eaf180 done
Event: 0.939 loading class 0x0000000002141fe0 done


Dynamic libraries:
0x000000013fab0000 - 0x000000013fae3000 	C:\Program Files\Java\jdk1.7.0_17\bin\javaw.exe
0x0000000077620000 - 0x00000000777c8000 	C:\windows\SYSTEM32\ntdll.dll
0x0000000077400000 - 0x000000007751f000 	C:\windows\system32\kernel32.dll
0x000007fefd5d0000 - 0x000007fefd63c000 	C:\windows\system32\KERNELBASE.dll
0x000007fefe210000 - 0x000007fefe2eb000 	C:\windows\system32\ADVAPI32.dll
0x000007feff350000 - 0x000007feff3ef000 	C:\windows\system32\msvcrt.dll
0x000007feff4f0000 - 0x000007feff50f000 	C:\windows\SYSTEM32\sechost.dll
0x000007fefdf80000 - 0x000007fefe0ad000 	C:\windows\system32\RPCRT4.dll
0x0000000077520000 - 0x000000007761a000 	C:\windows\system32\USER32.dll
0x000007feff280000 - 0x000007feff2e7000 	C:\windows\system32\GDI32.dll
0x000007fefd930000 - 0x000007fefd93e000 	C:\windows\system32\LPK.dll
0x000007feff6d0000 - 0x000007feff799000 	C:\windows\system32\USP10.dll
0x000007fefbac0000 - 0x000007fefbcb4000 	C:\windows\WinSxS\amd64_microsoft.windows.common-controls_6595b64144ccf1df_6.0.7601.18807_none_fa381d5f175bfb52\COMCTL32.dll
0x000007feff510000 - 0x000007feff581000 	C:\windows\system32\SHLWAPI.dll
0x000007feff6a0000 - 0x000007feff6ce000 	C:\windows\system32\IMM32.DLL
0x000007feff590000 - 0x000007feff699000 	C:\windows\system32\MSCTF.dll
0x000007fefd4e0000 - 0x000007fefd511000 	C:\Windows\system32\nvinitx.dll
0x000007fefd4d0000 - 0x000007fefd4dc000 	C:\windows\system32\VERSION.dll
0x000000000f000000 - 0x000000000f006000 	C:\Program Files\NVIDIA Corporation\CoProcManager\detoured.dll
0x000007fefae00000 - 0x000007fefae31000 	C:\Program Files\NVIDIA Corporation\CoProcManager\nvd3d9wrapx.dll
0x000007fefe310000 - 0x000007fefe4e7000 	C:\windows\system32\SETUPAPI.dll
0x000007fefd830000 - 0x000007fefd866000 	C:\windows\system32\CFGMGR32.dll
0x000007fefe0b0000 - 0x000007fefe187000 	C:\windows\system32\OLEAUT32.dll
0x000007fefd940000 - 0x000007fefdb43000 	C:\windows\system32\ole32.dll
0x000007fefd910000 - 0x000007fefd92a000 	C:\windows\system32\DEVOBJ.dll
0x000007fefadd0000 - 0x000007fefadf2000 	C:\Program Files\NVIDIA Corporation\CoProcManager\nvdxgiwrapx.dll
0x000000006a250000 - 0x000000006a321000 	C:\Program Files\Java\jdk1.7.0_17\jre\bin\msvcr100.dll
0x00000000660e0000 - 0x00000000667ff000 	C:\Program Files\Java\jdk1.7.0_17\jre\bin\server\jvm.dll
0x000007fef5930000 - 0x000007fef5939000 	C:\windows\system32\WSOCK32.dll
0x000007feff4a0000 - 0x000007feff4ed000 	C:\windows\system32\WS2_32.dll
0x000007feff490000 - 0x000007feff498000 	C:\windows\system32\NSI.dll
0x000007fefb650000 - 0x000007fefb68b000 	C:\windows\system32\WINMM.dll
0x00000000777e0000 - 0x00000000777e7000 	C:\windows\system32\PSAPI.DLL
0x000000006a790000 - 0x000000006a79f000 	C:\Program Files\Java\jdk1.7.0_17\jre\bin\verify.dll
0x000000006a760000 - 0x000000006a788000 	C:\Program Files\Java\jdk1.7.0_17\jre\bin\java.dll
0x000000006a230000 - 0x000000006a245000 	C:\Program Files\Java\jdk1.7.0_17\jre\bin\zip.dll

VM Arguments:
jvm_args: -Dfile.encoding=UTF-8 -Xbootclasspath:D:\sdk\platforms\android-19\android.jar 
java_command: com.lyjtzn.yhsfc.Test
Launcher Type: SUN_STANDARD

Environment Variables:
JAVA_HOME=C:\Program Files\Java\jdk1.7.0_17
CLASSPATH=.;C:\Program Files\Java\jdk1.7.0_17\lib\dt.jar;C:\Program Files\Java\jdk1.7.0_17\lib\tools.jar;
PATH=C:/Program Files/Java/jdk1.7.0_17/bin/../jre/bin/server;C:/Program Files/Java/jdk1.7.0_17/bin/../jre/bin;C:/Program Files/Java/jdk1.7.0_17/bin/../jre/lib/amd64;C:\Program Files\Java\jdk1.7.0_17\bin;C:\windows\system32;C:\windows;C:\windows\System32\Wbem;C:\windows\System32\WindowsPowerShell\v1.0\;D:\eclipse;
USERNAME=Administrator
OS=Windows_NT
PROCESSOR_IDENTIFIER=Intel64 Family 6 Model 61 Stepping 4, GenuineIntel



---------------  S Y S T E M  ---------------

OS: Windows 7 , 64 bit Build 7601 Service Pack 1

CPU:total 4 (2 cores per cpu, 2 threads per core) family 6 model 61 stepping 4, cmov, cx8, fxsr, mmx, sse, sse2, sse3, ssse3, sse4.1, sse4.2, popcnt, avx, avx2, ht, tsc, tscinvbit

Memory: 4k page, physical 4113076k(156824k free), swap 8224300k(2811036k free)

vm_info: Java HotSpot(TM) 64-Bit Server VM (23.7-b01) for windows-amd64 JRE (1.7.0_17-b02), built on Mar  1 2013 03:38:30 by "java_re" with unknown MS VC++:1600

time: Sun May 15 11:55:56 2016
elapsed time: 0 seconds

